<?xml version="1.0" encoding="UTF-8"?>
<testng-results ignored="0" total="1" passed="1" failed="0" skipped="0">
  <reporter-output>
  </reporter-output>
  <suite started-at="2024-07-17T22:45:14 IST" name="Default suite" finished-at="2024-07-17T22:47:06 IST" duration-ms="111912">
    <groups>
    </groups>
    <test started-at="2024-07-17T22:45:14 IST" name="Default test" finished-at="2024-07-17T22:47:06 IST" duration-ms="111912">
      <class name="TestLayer.CogmentoTest">
        <test-method signature="setup()[pri:1, instance:TestLayer.CogmentoTest@636be97c]" started-at="2024-07-17T22:45:14 IST" name="setup" finished-at="2024-07-17T22:47:06 IST" duration-ms="111766" status="PASS">
          <reporter-output>
          </reporter-output>
        </test-method> <!-- setup -->
      </class> <!-- TestLayer.CogmentoTest -->
    </test> <!-- Default test -->
  </suite> <!-- Default suite -->
</testng-results>
